C:\DEV\C\PLAY\MIDIPARSER\DEBUG\MIDIPARSER.EXE
C:\DEV\C\PLAY\MIDIPARSER\DEBUG\MIDIPARSER.ILK
C:\DEV\C\PLAY\MIDIPARSER\DEBUG\MIDIPARSER.PDB
C:\DEV\C\PLAY\MIDIPARSER\MIDIPARSER\DEBUG\BINASC.OBJ
C:\dev\c\play\MidiParser\MidiParser\Debug\cl.command.1.tlog
C:\dev\c\play\MidiParser\MidiParser\Debug\CL.read.1.tlog
C:\dev\c\play\MidiParser\MidiParser\Debug\CL.write.1.tlog
C:\dev\c\play\MidiParser\MidiParser\Debug\link.12796.read.1.tlog
C:\dev\c\play\MidiParser\MidiParser\Debug\link.12796.write.1.tlog
C:\dev\c\play\MidiParser\MidiParser\Debug\link.12796-cvtres.read.1.tlog
C:\dev\c\play\MidiParser\MidiParser\Debug\link.12796-cvtres.write.1.tlog
C:\dev\c\play\MidiParser\MidiParser\Debug\link.19844.read.1.tlog
C:\dev\c\play\MidiParser\MidiParser\Debug\link.19844.write.1.tlog
C:\dev\c\play\MidiParser\MidiParser\Debug\link.19844-cvtres.read.1.tlog
C:\dev\c\play\MidiParser\MidiParser\Debug\link.19844-cvtres.write.1.tlog
C:\dev\c\play\MidiParser\MidiParser\Debug\link.21588.read.1.tlog
C:\dev\c\play\MidiParser\MidiParser\Debug\link.21588.write.1.tlog
C:\dev\c\play\MidiParser\MidiParser\Debug\link.21588-cvtres.read.1.tlog
C:\dev\c\play\MidiParser\MidiParser\Debug\link.21588-cvtres.write.1.tlog
C:\dev\c\play\MidiParser\MidiParser\Debug\link.9376.read.1.tlog
C:\dev\c\play\MidiParser\MidiParser\Debug\link.9376.write.1.tlog
C:\dev\c\play\MidiParser\MidiParser\Debug\link.9376-cvtres.read.1.tlog
C:\dev\c\play\MidiParser\MidiParser\Debug\link.9376-cvtres.write.1.tlog
C:\dev\c\play\MidiParser\MidiParser\Debug\link.command.1.tlog
C:\dev\c\play\MidiParser\MidiParser\Debug\link.read.1.tlog
C:\dev\c\play\MidiParser\MidiParser\Debug\link.write.1.tlog
C:\dev\c\play\MidiParser\MidiParser\Debug\link-cvtres.read.1.tlog
C:\dev\c\play\MidiParser\MidiParser\Debug\link-cvtres.write.1.tlog
C:\DEV\C\PLAY\MIDIPARSER\MIDIPARSER\DEBUG\MIDI2NOTE.OBJ
C:\DEV\C\PLAY\MIDIPARSER\MIDIPARSER\DEBUG\MIDIEVENT.OBJ
C:\DEV\C\PLAY\MIDIPARSER\MIDIPARSER\DEBUG\MIDIEVENTLIST.OBJ
C:\DEV\C\PLAY\MIDIPARSER\MIDIPARSER\DEBUG\MIDIFILE.OBJ
C:\DEV\C\PLAY\MIDIPARSER\MIDIPARSER\DEBUG\MIDIMESSAGE.OBJ
C:\DEV\C\PLAY\MIDIPARSER\MIDIPARSER\DEBUG\MIDIPARSER.EXE.EMBED.MANIFEST
C:\DEV\C\PLAY\MIDIPARSER\MIDIPARSER\DEBUG\MIDIPARSER.EXE.EMBED.MANIFEST.RES
C:\DEV\C\PLAY\MIDIPARSER\MIDIPARSER\DEBUG\MIDIPARSER.EXE.INTERMEDIATE.MANIFEST
C:\DEV\C\PLAY\MIDIPARSER\MIDIPARSER\DEBUG\MIDIPARSER.OBJ
C:\DEV\C\PLAY\MIDIPARSER\MIDIPARSER\DEBUG\MIDIPARSER.PCH
C:\dev\c\play\MidiParser\MidiParser\Debug\MidiParser.vcxprojResolveAssemblyReference.cache
C:\dev\c\play\MidiParser\MidiParser\Debug\MidiParser.write.1.tlog
C:\dev\c\play\MidiParser\MidiParser\Debug\MidiParser_manifest.rc
C:\dev\c\play\MidiParser\MidiParser\Debug\mt.command.1.tlog
C:\dev\c\play\MidiParser\MidiParser\Debug\mt.read.1.tlog
C:\dev\c\play\MidiParser\MidiParser\Debug\mt.write.1.tlog
C:\DEV\C\PLAY\MIDIPARSER\MIDIPARSER\DEBUG\OPTIONS.OBJ
C:\dev\c\play\MidiParser\MidiParser\Debug\rc.command.1.tlog
C:\dev\c\play\MidiParser\MidiParser\Debug\rc.read.1.tlog
C:\dev\c\play\MidiParser\MidiParser\Debug\rc.write.1.tlog
C:\DEV\C\PLAY\MIDIPARSER\MIDIPARSER\DEBUG\STDAFX.OBJ
C:\dev\c\play\MidiParser\MidiParser\Debug\vc100.idb
C:\DEV\C\PLAY\MIDIPARSER\MIDIPARSER\DEBUG\VC100.PDB
