빌드 시작: 2016-03-06 오전 12:19:06
     1>2 노드의 "C:\dev\c\play\MidiParser\MidiParser\MidiParser.vcxproj" 프로젝트(rebuild 대상)입니다.
     1>_PrepareForClean:
         "Debug\MidiParser.lastbuildstate" 파일을 삭제하고 있습니다.
       InitializeBuildStatus:
         "AlwaysCreate"이(가) 지정되었기 때문에 "Debug\MidiParser.unsuccessfulbuild"을(를) 만들고 있습니다.
       ClCompile:
         C:\Program Files (x86)\Microsoft Visual Studio 10.0\VC\bin\CL.exe /c /I"..\craigsapp-midifile-1db45ad\include" /ZI /nologo /W3 /WX- /Od /Oy- /D WIN32 /D _DEBUG /D _CONSOLE /D _UNICODE /D UNICODE /Gm /EHsc /RTC1 /MDd /GS /fp:precise /Zc:wchar_t /Zc:forScope /Yc"StdAfx.h" /Fp"Debug\MidiParser.pch" /Fo"Debug\\" /Fd"Debug\vc100.pdb" /Gd /TP /analyze- /errorReport:prompt stdafx.cpp
         stdafx.cpp
         C:\Program Files (x86)\Microsoft Visual Studio 10.0\VC\bin\CL.exe /c /I"..\craigsapp-midifile-1db45ad\include" /ZI /nologo /W3 /WX- /Od /Oy- /D WIN32 /D _DEBUG /D _CONSOLE /D _UNICODE /D UNICODE /Gm /EHsc /RTC1 /MDd /GS /fp:precise /Zc:wchar_t /Zc:forScope /Fo"Debug\\" /Fd"Debug\vc100.pdb" /Gd /TP /analyze- /errorReport:prompt "..\craigsapp-midifile-1db45ad\src-library\Binasc.cpp" "..\craigsapp-midifile-1db45ad\src-library\MidiEvent.cpp" "..\craigsapp-midifile-1db45ad\src-library\MidiEventList.cpp" "..\craigsapp-midifile-1db45ad\src-library\MidiFile.cpp" "..\craigsapp-midifile-1db45ad\src-library\MidiMessage.cpp" "..\craigsapp-midifile-1db45ad\src-library\Options.cpp" MidiParser.cpp
         MidiParser.cpp
     1>c:\dev\c\play\midiparser\midiparser\midiparser.cpp(78): warning C4018: '<' : signed 또는 unsigned가 일치하지 않습니다.
     1>c:\dev\c\play\midiparser\midiparser\midiparser.cpp(119): warning C4018: '<' : signed 또는 unsigned가 일치하지 않습니다.
     1>c:\dev\c\play\midiparser\midiparser\midiparser.cpp(156): warning C4018: '<' : signed 또는 unsigned가 일치하지 않습니다.
         Options.cpp
     1>c:\dev\c\play\midiparser\craigsapp-midifile-1db45ad\src-library\options.cpp(971): warning C4996: 'strcpy': This function or variable may be unsafe. Consider using strcpy_s instead. To disable deprecation, use _CRT_SECURE_NO_WARNINGS. See online help for details.
                 c:\program files (x86)\microsoft visual studio 10.0\vc\include\string.h(105) : 'strcpy' 선언을 참조하십시오.
     1>c:\dev\c\play\midiparser\craigsapp-midifile-1db45ad\src-library\options.cpp(993): warning C4996: 'strcpy': This function or variable may be unsafe. Consider using strcpy_s instead. To disable deprecation, use _CRT_SECURE_NO_WARNINGS. See online help for details.
                 c:\program files (x86)\microsoft visual studio 10.0\vc\include\string.h(105) : 'strcpy' 선언을 참조하십시오.
     1>c:\dev\c\play\midiparser\craigsapp-midifile-1db45ad\src-library\options.cpp(1002): warning C4996: 'strcpy': This function or variable may be unsafe. Consider using strcpy_s instead. To disable deprecation, use _CRT_SECURE_NO_WARNINGS. See online help for details.
                 c:\program files (x86)\microsoft visual studio 10.0\vc\include\string.h(105) : 'strcpy' 선언을 참조하십시오.
         MidiMessage.cpp
         MidiFile.cpp
     1>c:\dev\c\play\midiparser\craigsapp-midifile-1db45ad\src-library\midifile.cpp(1252): warning C4996: 'strncpy': This function or variable may be unsafe. Consider using strncpy_s instead. To disable deprecation, use _CRT_SECURE_NO_WARNINGS. See online help for details.
                 c:\program files (x86)\microsoft visual studio 10.0\vc\include\string.h(188) : 'strncpy' 선언을 참조하십시오.
     1>c:\dev\c\play\midiparser\craigsapp-midifile-1db45ad\src-library\midifile.cpp(1256): warning C4996: 'strncpy': This function or variable may be unsafe. Consider using strncpy_s instead. To disable deprecation, use _CRT_SECURE_NO_WARNINGS. See online help for details.
                 c:\program files (x86)\microsoft visual studio 10.0\vc\include\string.h(188) : 'strncpy' 선언을 참조하십시오.
     1>c:\dev\c\play\midiparser\craigsapp-midifile-1db45ad\src-library\midifile.cpp(2004): warning C4244: 'return' : 'double'에서 'int'(으)로 변환하면서 데이터가 손실될 수 있습니다.
     1>c:\dev\c\play\midiparser\craigsapp-midifile-1db45ad\src-library\midifile.cpp(2072): warning C4244: '초기화 중' : 'double'에서 'int'(으)로 변환하면서 데이터가 손실될 수 있습니다.
     1>c:\dev\c\play\midiparser\craigsapp-midifile-1db45ad\src-library\midifile.cpp(2168): warning C4244: 'return' : 'double'에서 'int'(으)로 변환하면서 데이터가 손실될 수 있습니다.
     1>c:\dev\c\play\midiparser\craigsapp-midifile-1db45ad\src-library\midifile.cpp(2221): warning C4244: 'return' : 'double'에서 'int'(으)로 변환하면서 데이터가 손실될 수 있습니다.
     1>c:\dev\c\play\midiparser\craigsapp-midifile-1db45ad\src-library\midifile.cpp(2363): warning C4244: '=' : 'double'에서 'int'(으)로 변환하면서 데이터가 손실될 수 있습니다.
         MidiEventList.cpp
         MidiEvent.cpp
         Binasc.cpp
     1>c:\dev\c\play\midiparser\craigsapp-midifile-1db45ad\src-library\binasc.cpp(1375): warning C4244: '초기화 중' : 'ulong'에서 'uchar'(으)로 변환하면서 데이터가 손실될 수 있습니다.
         코드를 생성하고 있습니다...
       ManifestResourceCompile:
         C:\Program Files (x86)\Microsoft SDKs\Windows\v7.0A\bin\rc.exe /nologo /fo"Debug\MidiParser.exe.embed.manifest.res" Debug\MidiParser_manifest.rc 
       Link:
         C:\Program Files (x86)\Microsoft Visual Studio 10.0\VC\bin\link.exe /ERRORREPORT:PROMPT /OUT:"C:\dev\c\play\MidiParser\Debug\MidiParser.exe" /INCREMENTAL /NOLOGO kernel32.lib user32.lib gdi32.lib winspool.lib comdlg32.lib advapi32.lib shell32.lib ole32.lib oleaut32.lib uuid.lib odbc32.lib odbccp32.lib /MANIFEST /ManifestFile:"Debug\MidiParser.exe.intermediate.manifest" /MANIFESTUAC:"level='asInvoker' uiAccess='false'" /DEBUG /PDB:"C:\dev\c\play\MidiParser\Debug\MidiParser.pdb" /SUBSYSTEM:CONSOLE /TLBID:1 /DYNAMICBASE /NXCOMPAT /IMPLIB:"C:\dev\c\play\MidiParser\Debug\MidiParser.lib" /MACHINE:X86 Debug\MidiParser.exe.embed.manifest.res
         Debug\Binasc.obj
         Debug\MidiEvent.obj
         Debug\MidiEventList.obj
         Debug\MidiFile.obj
         Debug\MidiMessage.obj
         Debug\Options.obj
         Debug\MidiParser.obj
         Debug\stdafx.obj
       Manifest:
         "Debug\MidiParser.exe.embed.manifest" 파일을 삭제하고 있습니다.
         C:\Program Files (x86)\Microsoft SDKs\Windows\v7.0A\bin\mt.exe /nologo /verbose /out:"Debug\MidiParser.exe.embed.manifest" /manifest Debug\MidiParser.exe.intermediate.manifest
         C:\Program Files (x86)\Microsoft SDKs\Windows\v7.0A\bin\rc.exe /nologo /fo"Debug\MidiParser.exe.embed.manifest.res" Debug\MidiParser_manifest.rc 
       LinkEmbedManifest:
         C:\Program Files (x86)\Microsoft Visual Studio 10.0\VC\bin\link.exe /ERRORREPORT:PROMPT /OUT:"C:\dev\c\play\MidiParser\Debug\MidiParser.exe" /INCREMENTAL /NOLOGO kernel32.lib user32.lib gdi32.lib winspool.lib comdlg32.lib advapi32.lib shell32.lib ole32.lib oleaut32.lib uuid.lib odbc32.lib odbccp32.lib /MANIFEST /ManifestFile:"Debug\MidiParser.exe.intermediate.manifest" /MANIFESTUAC:"level='asInvoker' uiAccess='false'" /DEBUG /PDB:"C:\dev\c\play\MidiParser\Debug\MidiParser.pdb" /SUBSYSTEM:CONSOLE /TLBID:1 /DYNAMICBASE /NXCOMPAT /IMPLIB:"C:\dev\c\play\MidiParser\Debug\MidiParser.lib" /MACHINE:X86 Debug\MidiParser.exe.embed.manifest.res
         Debug\Binasc.obj
         Debug\MidiEvent.obj
         Debug\MidiEventList.obj
         Debug\MidiFile.obj
         Debug\MidiMessage.obj
         Debug\Options.obj
         Debug\MidiParser.obj
         Debug\stdafx.obj
         MidiParser.vcxproj -> C:\dev\c\play\MidiParser\Debug\MidiParser.exe
       FinalizeBuildStatus:
         "Debug\MidiParser.unsuccessfulbuild" 파일을 삭제하고 있습니다.
         "Debug\MidiParser.lastbuildstate"에 연결(touching)하고 있습니다.
     1>"C:\dev\c\play\MidiParser\MidiParser\MidiParser.vcxproj" 프로젝트를 빌드했습니다(rebuild 대상).

빌드했습니다.

경과 시간: 00:00:17.13
